i1, 100000
Arguments: i1 100000
ganesan-db
ganesan-dremio
ganesan-db
ganesan-dremio
{'dbname': 'ganesan-postgres', 'host': '192.168.1.122', 'port': 5432, 'user': 'ganesan', 'password': 'password1', 'jdbcurl': 'jdbc:postgresql://172.17.0.1:5432/ganesan-postgres'}
DRIVER={PostgreSQL Unicode};DATABASE=ganesan-postgres;UID=ganesan;PWD=password1;SERVER=192.168.1.122;PORT=5432;
elapsed time in milliseconds is 0.011205673217773438
i1 TotalRecords inserted=(100012, )
i1 i1acct-001 AcctName-i1acct-001 10010.99
elapsed time in milliseconds is 178.86018753051758
i1 TotalRecords inserted=(101011, )
i1 i1acct-1000 AcctName-i1acct-1000 20000.989999999998
elapsed time in milliseconds is 117.92898178100586
i1 TotalRecords inserted=(102011, )
i1 i1acct-2000 AcctName-i1acct-2000 30000.989999999998
elapsed time in milliseconds is 114.5479679107666
i1 TotalRecords inserted=(103011, )
i1 i1acct-3000 AcctName-i1acct-3000 40000.99
elapsed time in milliseconds is 113.09623718261719
i1 TotalRecords inserted=(104011, )
i1 i1acct-4000 AcctName-i1acct-4000 50000.99
elapsed time in milliseconds is 116.86849594116211
i1 TotalRecords inserted=(105011, )
i1 i1acct-5000 AcctName-i1acct-5000 60000.99
elapsed time in milliseconds is 115.04244804382324
i1 TotalRecords inserted=(106011, )
i1 i1acct-6000 AcctName-i1acct-6000 70000.99
elapsed time in milliseconds is 103.12557220458984
i1 TotalRecords inserted=(107011, )
i1 i1acct-7000 AcctName-i1acct-7000 80000.99
elapsed time in milliseconds is 124.17960166931152
i1 TotalRecords inserted=(108011, )
i1 i1acct-8000 AcctName-i1acct-8000 90000.99
elapsed time in milliseconds is 128.65781784057617
i1 TotalRecords inserted=(109011, )
i1 i1acct-9000 AcctName-i1acct-9000 100000.99
elapsed time in milliseconds is 164.17312622070312
i1 TotalRecords inserted=(110011, )
i1 i1acct-10000 AcctName-i1acct-10000 110000.99
elapsed time in milliseconds is 147.4761962890625
i1 TotalRecords inserted=(111011, )
i1 i1acct-11000 AcctName-i1acct-11000 120000.99
elapsed time in milliseconds is 152.67658233642578
i1 TotalRecords inserted=(112011, )
i1 i1acct-12000 AcctName-i1acct-12000 130000.99
elapsed time in milliseconds is 141.80421829223633
i1 TotalRecords inserted=(113011, )
i1 i1acct-13000 AcctName-i1acct-13000 140000.99
elapsed time in milliseconds is 141.44563674926758
i1 TotalRecords inserted=(114011, )
i1 i1acct-14000 AcctName-i1acct-14000 150000.99
elapsed time in milliseconds is 119.96078491210938
i1 TotalRecords inserted=(115011, )
i1 i1acct-15000 AcctName-i1acct-15000 160000.99
elapsed time in milliseconds is 149.8429775238037
i1 TotalRecords inserted=(116011, )
i1 i1acct-16000 AcctName-i1acct-16000 170000.99
elapsed time in milliseconds is 211.1208438873291
i1 TotalRecords inserted=(117011, )
i1 i1acct-17000 AcctName-i1acct-17000 180000.99
elapsed time in milliseconds is 273.9541530609131
i1 TotalRecords inserted=(118011, )
i1 i1acct-18000 AcctName-i1acct-18000 190000.99
elapsed time in milliseconds is 256.8528652191162
i1 TotalRecords inserted=(119011, )
i1 i1acct-19000 AcctName-i1acct-19000 200000.99
elapsed time in milliseconds is 232.01560974121094
i1 TotalRecords inserted=(120011, )
i1 i1acct-20000 AcctName-i1acct-20000 210000.99
elapsed time in milliseconds is 192.51608848571777
i1 TotalRecords inserted=(121011, )
i1 i1acct-21000 AcctName-i1acct-21000 220000.99
elapsed time in milliseconds is 137.06707954406738
i1 TotalRecords inserted=(122011, )
i1 i1acct-22000 AcctName-i1acct-22000 230000.99
elapsed time in milliseconds is 144.11091804504395
i1 TotalRecords inserted=(123011, )
i1 i1acct-23000 AcctName-i1acct-23000 240000.99
elapsed time in milliseconds is 134.0200901031494
i1 TotalRecords inserted=(124011, )
i1 i1acct-24000 AcctName-i1acct-24000 250000.99
elapsed time in milliseconds is 111.96660995483398
i1 TotalRecords inserted=(125011, )
i1 i1acct-25000 AcctName-i1acct-25000 260000.99
elapsed time in milliseconds is 123.16060066223145
i1 TotalRecords inserted=(126011, )
i1 i1acct-26000 AcctName-i1acct-26000 270000.99
elapsed time in milliseconds is 113.42000961303711
i1 TotalRecords inserted=(127011, )
i1 i1acct-27000 AcctName-i1acct-27000 280000.99
elapsed time in milliseconds is 110.76784133911133
i1 TotalRecords inserted=(128011, )
i1 i1acct-28000 AcctName-i1acct-28000 290000.99
elapsed time in milliseconds is 110.05926132202148
i1 TotalRecords inserted=(129011, )
i1 i1acct-29000 AcctName-i1acct-29000 300000.99
elapsed time in milliseconds is 110.80360412597656
i1 TotalRecords inserted=(130011, )
i1 i1acct-30000 AcctName-i1acct-30000 310000.99
elapsed time in milliseconds is 115.83542823791504
i1 TotalRecords inserted=(131011, )
i1 i1acct-31000 AcctName-i1acct-31000 320000.99
elapsed time in milliseconds is 105.97085952758789
i1 TotalRecords inserted=(132011, )
i1 i1acct-32000 AcctName-i1acct-32000 330000.99
elapsed time in milliseconds is 111.7696762084961
i1 TotalRecords inserted=(133011, )
i1 i1acct-33000 AcctName-i1acct-33000 340000.99
elapsed time in milliseconds is 111.11593246459961
i1 TotalRecords inserted=(134011, )
i1 i1acct-34000 AcctName-i1acct-34000 350000.99
elapsed time in milliseconds is 115.79608917236328
i1 TotalRecords inserted=(135011, )
i1 i1acct-35000 AcctName-i1acct-35000 360000.99
elapsed time in milliseconds is 115.12184143066406
i1 TotalRecords inserted=(136011, )
i1 i1acct-36000 AcctName-i1acct-36000 370000.99
elapsed time in milliseconds is 130.85293769836426
i1 TotalRecords inserted=(137011, )
i1 i1acct-37000 AcctName-i1acct-37000 380000.99
elapsed time in milliseconds is 132.4918270111084
i1 TotalRecords inserted=(138011, )
i1 i1acct-38000 AcctName-i1acct-38000 390000.99
elapsed time in milliseconds is 108.2315444946289
i1 TotalRecords inserted=(139011, )
i1 i1acct-39000 AcctName-i1acct-39000 400000.99
elapsed time in milliseconds is 110.18037796020508
i1 TotalRecords inserted=(140011, )
i1 i1acct-40000 AcctName-i1acct-40000 410000.99
elapsed time in milliseconds is 106.90069198608398
i1 TotalRecords inserted=(141011, )
i1 i1acct-41000 AcctName-i1acct-41000 420000.99
elapsed time in milliseconds is 115.16928672790527
i1 TotalRecords inserted=(142011, )
i1 i1acct-42000 AcctName-i1acct-42000 430000.99
elapsed time in milliseconds is 132.4782371520996
i1 TotalRecords inserted=(143011, )
i1 i1acct-43000 AcctName-i1acct-43000 440000.99
elapsed time in milliseconds is 112.90979385375977
i1 TotalRecords inserted=(144011, )
i1 i1acct-44000 AcctName-i1acct-44000 450000.99
elapsed time in milliseconds is 137.71772384643555
i1 TotalRecords inserted=(145011, )
i1 i1acct-45000 AcctName-i1acct-45000 460000.99
elapsed time in milliseconds is 152.7419090270996
i1 TotalRecords inserted=(146011, )
i1 i1acct-46000 AcctName-i1acct-46000 470000.99
elapsed time in milliseconds is 129.69732284545898
i1 TotalRecords inserted=(147011, )
i1 i1acct-47000 AcctName-i1acct-47000 480000.99
elapsed time in milliseconds is 130.32078742980957
i1 TotalRecords inserted=(148011, )
i1 i1acct-48000 AcctName-i1acct-48000 490000.99
elapsed time in milliseconds is 113.45195770263672
i1 TotalRecords inserted=(149011, )
i1 i1acct-49000 AcctName-i1acct-49000 500000.99
elapsed time in milliseconds is 113.57498168945312
i1 TotalRecords inserted=(150011, )
i1 i1acct-50000 AcctName-i1acct-50000 510000.99
elapsed time in milliseconds is 116.38665199279785
i1 TotalRecords inserted=(151011, )
i1 i1acct-51000 AcctName-i1acct-51000 520000.99
elapsed time in milliseconds is 115.9358024597168
i1 TotalRecords inserted=(152011, )
i1 i1acct-52000 AcctName-i1acct-52000 530000.99
elapsed time in milliseconds is 112.89668083190918
i1 TotalRecords inserted=(153011, )
i1 i1acct-53000 AcctName-i1acct-53000 540000.99
elapsed time in milliseconds is 111.36269569396973
i1 TotalRecords inserted=(154011, )
i1 i1acct-54000 AcctName-i1acct-54000 550000.99
elapsed time in milliseconds is 109.18760299682617
i1 TotalRecords inserted=(155011, )
i1 i1acct-55000 AcctName-i1acct-55000 560000.99
elapsed time in milliseconds is 113.46077919006348
i1 TotalRecords inserted=(156011, )
i1 i1acct-56000 AcctName-i1acct-56000 570000.99
elapsed time in milliseconds is 113.96169662475586
i1 TotalRecords inserted=(157011, )
i1 i1acct-57000 AcctName-i1acct-57000 580000.99
elapsed time in milliseconds is 113.62648010253906
i1 TotalRecords inserted=(158011, )
i1 i1acct-58000 AcctName-i1acct-58000 590000.99
elapsed time in milliseconds is 110.65196990966797
i1 TotalRecords inserted=(159011, )
i1 i1acct-59000 AcctName-i1acct-59000 600000.99
elapsed time in milliseconds is 110.75282096862793
i1 TotalRecords inserted=(160011, )
i1 i1acct-60000 AcctName-i1acct-60000 610000.99
elapsed time in milliseconds is 112.12944984436035
i1 TotalRecords inserted=(161011, )
i1 i1acct-61000 AcctName-i1acct-61000 620000.99
elapsed time in milliseconds is 113.15584182739258
i1 TotalRecords inserted=(162011, )
i1 i1acct-62000 AcctName-i1acct-62000 630000.99
elapsed time in milliseconds is 108.92200469970703
i1 TotalRecords inserted=(163011, )
i1 i1acct-63000 AcctName-i1acct-63000 640000.99
elapsed time in milliseconds is 117.23613739013672
i1 TotalRecords inserted=(164011, )
i1 i1acct-64000 AcctName-i1acct-64000 650000.99
elapsed time in milliseconds is 124.29046630859375
i1 TotalRecords inserted=(165011, )
i1 i1acct-65000 AcctName-i1acct-65000 660000.99
elapsed time in milliseconds is 110.86773872375488
i1 TotalRecords inserted=(166011, )
i1 i1acct-66000 AcctName-i1acct-66000 670000.99
elapsed time in milliseconds is 131.08181953430176
i1 TotalRecords inserted=(167011, )
i1 i1acct-67000 AcctName-i1acct-67000 680000.99
elapsed time in milliseconds is 108.06822776794434
i1 TotalRecords inserted=(168011, )
i1 i1acct-68000 AcctName-i1acct-68000 690000.99
elapsed time in milliseconds is 116.7902946472168
i1 TotalRecords inserted=(169011, )
i1 i1acct-69000 AcctName-i1acct-69000 700000.99
elapsed time in milliseconds is 115.80538749694824
i1 TotalRecords inserted=(170011, )
i1 i1acct-70000 AcctName-i1acct-70000 710000.99
elapsed time in milliseconds is 115.48423767089844
i1 TotalRecords inserted=(171011, )
i1 i1acct-71000 AcctName-i1acct-71000 720000.99
elapsed time in milliseconds is 113.7235164642334
i1 TotalRecords inserted=(172011, )
i1 i1acct-72000 AcctName-i1acct-72000 730000.99
elapsed time in milliseconds is 110.95809936523438
i1 TotalRecords inserted=(173011, )
i1 i1acct-73000 AcctName-i1acct-73000 740000.99
elapsed time in milliseconds is 110.06498336791992
i1 TotalRecords inserted=(174011, )
i1 i1acct-74000 AcctName-i1acct-74000 750000.99
elapsed time in milliseconds is 111.71936988830566
i1 TotalRecords inserted=(175011, )
i1 i1acct-75000 AcctName-i1acct-75000 760000.99
elapsed time in milliseconds is 107.6500415802002
i1 TotalRecords inserted=(176011, )
i1 i1acct-76000 AcctName-i1acct-76000 770000.99
elapsed time in milliseconds is 105.73482513427734
i1 TotalRecords inserted=(177011, )
i1 i1acct-77000 AcctName-i1acct-77000 780000.99
elapsed time in milliseconds is 112.83612251281738
i1 TotalRecords inserted=(178011, )
i1 i1acct-78000 AcctName-i1acct-78000 790000.99
elapsed time in milliseconds is 112.99562454223633
i1 TotalRecords inserted=(179011, )
i1 i1acct-79000 AcctName-i1acct-79000 800000.99
elapsed time in milliseconds is 109.94720458984375
i1 TotalRecords inserted=(180011, )
i1 i1acct-80000 AcctName-i1acct-80000 810000.99
elapsed time in milliseconds is 114.25113677978516
i1 TotalRecords inserted=(181011, )
i1 i1acct-81000 AcctName-i1acct-81000 820000.99
elapsed time in milliseconds is 116.1191463470459
i1 TotalRecords inserted=(182011, )
i1 i1acct-82000 AcctName-i1acct-82000 830000.99
elapsed time in milliseconds is 116.92976951599121
i1 TotalRecords inserted=(183011, )
i1 i1acct-83000 AcctName-i1acct-83000 840000.99
elapsed time in milliseconds is 109.74359512329102
i1 TotalRecords inserted=(184011, )
i1 i1acct-84000 AcctName-i1acct-84000 850000.99
elapsed time in milliseconds is 110.90254783630371
i1 TotalRecords inserted=(185011, )
i1 i1acct-85000 AcctName-i1acct-85000 860000.99
elapsed time in milliseconds is 111.81855201721191
i1 TotalRecords inserted=(186011, )
i1 i1acct-86000 AcctName-i1acct-86000 870000.99
elapsed time in milliseconds is 111.9990348815918
i1 TotalRecords inserted=(187011, )
i1 i1acct-87000 AcctName-i1acct-87000 880000.99
elapsed time in milliseconds is 108.27851295471191
i1 TotalRecords inserted=(188011, )
i1 i1acct-88000 AcctName-i1acct-88000 890000.99
elapsed time in milliseconds is 116.16230010986328
i1 TotalRecords inserted=(189011, )
i1 i1acct-89000 AcctName-i1acct-89000 900000.99
elapsed time in milliseconds is 111.0074520111084
i1 TotalRecords inserted=(190011, )
i1 i1acct-90000 AcctName-i1acct-90000 910000.99
elapsed time in milliseconds is 112.35308647155762
i1 TotalRecords inserted=(191011, )
i1 i1acct-91000 AcctName-i1acct-91000 920000.99
elapsed time in milliseconds is 112.1218204498291
i1 TotalRecords inserted=(192011, )
i1 i1acct-92000 AcctName-i1acct-92000 930000.99
elapsed time in milliseconds is 113.5568618774414
i1 TotalRecords inserted=(193011, )
i1 i1acct-93000 AcctName-i1acct-93000 940000.99
elapsed time in milliseconds is 108.18004608154297
i1 TotalRecords inserted=(194011, )
i1 i1acct-94000 AcctName-i1acct-94000 950000.99
elapsed time in milliseconds is 106.00805282592773
i1 TotalRecords inserted=(195011, )
i1 i1acct-95000 AcctName-i1acct-95000 960000.99
elapsed time in milliseconds is 114.61234092712402
i1 TotalRecords inserted=(196011, )
i1 i1acct-96000 AcctName-i1acct-96000 970000.99
elapsed time in milliseconds is 109.55524444580078
i1 TotalRecords inserted=(197011, )
i1 i1acct-97000 AcctName-i1acct-97000 980000.99
elapsed time in milliseconds is 116.60528182983398
i1 TotalRecords inserted=(198011, )
i1 i1acct-98000 AcctName-i1acct-98000 990000.99
elapsed time in milliseconds is 116.36829376220703
i1 TotalRecords inserted=(199011, )
i1 i1acct-99000 AcctName-i1acct-99000 1000000.99
elapsed time in milliseconds is 103.80220413208008
i1 TotalRecords inserted=(200011, )
i1 i1acct-100000 AcctName-i1acct-100000 1010000.99
elapsed time in milliseconds is 1.6927719116210938
i1 TotalRecords inserted=(200012, )
